cereal1
257
list
list
list
list
list
list
list
list
list
list
list
list
list
list
list
list
list
list
list
list
list
list
list
list
list
list
list
list
list
list
list
list
list
list
list
list
list
list
list
list
list
list
list
list
list
list
list
list
list
list
list
list
list
list
list
list
list
list
list
list
list
list
list
list
list
list
list
list
list
list
list
list
list
list
list
list
list
list
list
list
list
list
list
list
list
list
list
list
list
list
list
list
list
list
list
list
list
list
list
list
list
list
list
list
list
list
list
list
list
list
list
list
list
list
list
list
list
list
list
list
list
list
list
list
list
list
list
list
list
list
list
list
list
list
list
list
list
list
list
list
list
list
list
list
list
list
list
list
list
list
list
list
list
list
list
list
list
list
list
list
list
list
list
list
list
list
list
list
list
list
list
list
list
list
list
list
list
list
list
list
list
list
list
list
list
list
list
list
list
list
list
list
list
list
list
list
list
list
list
list
list
list
list
list
list
list
list
list
list
list
list
list
list
list
list
list
list
list
list
list
list
list
list
list
list
list
list
list
list
list
list
list
list
list
list
list
list
list
list
list
list
list
list
list
list
list
list
list
list
list
list
list
list
list
list
list
list
256
r1
r2
r3
r4
r5
r6
r7
r8
r9
r10
r11
r12
r13
r14
r15
r16
r17
r18
r19
r20
r21
r22
r23
r24
r25
r26
r27
r28
r29
r30
r31
r32
r33
r34
r35
r36
r37
r38
r39
r40
r41
r42
r43
r44
r45
r46
r47
r48
r49
r50
r51
r52
r53
r54
r55
r56
r57
r58
r59
r60
r61
r62
r63
r64
r65
r66
r67
r68
r69
r70
r71
r72
r73
r74
r75
r76
r77
r78
r79
r80
r81
r82
r83
r84
r85
r86
r87
r88
r89
r90
r91
r92
r93
r94
r95
r96
r97
r98
r99
r100
r101
r102
r103
r104
r105
r106
r107
r108
r109
r110
r111
r112
r113
r114
r115
r116
r117
r118
r119
r120
r121
r122
r123
r124
r125
r126
r127
r128
r129
r130
r131
r132
r133
r134
r135
r136
r137
r138
r139
r140
r141
r142
r143
r144
r145
r146
r147
r148
r149
r150
r151
r152
r153
r154
r155
r156
r157
r158
r159
r160
r161
r162
r163
r164
r165
r166
r167
r168
r169
r170
r171
r172
r173
r174
r175
r176
r177
r178
r179
r180
r181
r182
r183
r184
r185
r186
r187
r188
r189
r190
r191
r192
r193
r194
r195
r196
r197
r198
r199
r200
r201
r202
r203
r204
r205
r206
r207
r208
r209
r210
r211
r212
r213
r214
r215
r216
r217
r218
r219
r220
r221
r222
r223
r224
r225
r226
r227
r228
r229
r230
r231
r232
r233
r234
r235
r236
r237
r238
r239
r240
r241
r242
r243
r244
r245
r246
r247
r248
r249
r250
r251
r252
r253
r254
r255
r256
1
i80
1
i28
1
i234
1
i190
1
i76
1
i80
1
i54
1
i50
1
i38
1
i81
1
i42
1
i69
1
i96
1
i71
1
i172
1
i147
1
i59
1
i91
1
i66
1
i58
1
i224
1
i208
1
i89
1
i113
1
i171
1
i240
1
i100
1
i39
1
i42
1
i33
1
i37
1
i54
1
i251
1
i156
1
i58
1
i69
1
i165
1
i146
1
i164
1
i139
1
i239
1
i179
1
i152
1
i220
1
i235
1
i231
1
i92
1
i72
1
i225
1
i170
1
i227
1
i176
1
i120
1
i99
1
i186
1
i185
1
i19
1
i99
1
i167
1
i207
1
i208
1
i240
1
i164
1
i156
1
i124
1
i177
1
i133
1
i80
1
i149
1
i8
1
i172
1
i41
1
i44
1
i218
1
i99
1
i141
1
i159
1
i57
1
i16
1
i174
1
i42
1
i203
1
i16
1
i233
1
i4
1
i181
1
i254
1
i87
1
i156
1
i70
1
i16
1
i210
1
i232
1
i98
1
i164
1
i54
1
i114
1
i148
1
i240
1
i14
1
i217
1
i111
1
i155
1
i53
1
i64
1
i157
1
i116
1
i177
1
i177
1
i60
1
i69
1
i208
1
i85
1
i159
1
i20
1
i198
1
i57
1
i163
1
i184
1
i58
1
i129
1
i112
1
i118
1
i159
1
i183
1
i22
1
i128
1
i57
1
i139
1
i175
1
i85
1
i105
1
i185
1
i205
1
i167
1
i203
1
i20
1
i11
1
i124
1
i123
1
i124
1
i51
1
i212
1
i131
1
i203
1
i195
1
i214
1
i198
1
i62
1
i102
1
i227
1
i163
1
i178
1
i129
1
i25
1
i50
1
i29
1
i126
1
i118
1
i13
1
i211
1
i220
1
i118
1
i97
1
i163
1
i252
1
i198
1
i129
1
i46
1
i26
1
i61
1
i17
1
i4
1
i96
1
i215
1
i171
1
i226
1
i193
1
i132
1
i191
1
i85
1
i38
1
i243
1
i152
1
i249
1
i225
1
i41
1
i41
1
i20
1
i92
1
i4
1
i84
1
i248
1
i93
1
i101
1
i216
1
i63
1
i202
1
i98
1
i143
1
i65
1
i223
1
i106
1
i236
1
i220
1
i18
1
i55
1
i225
1
i133
1
i12
1
i219
1
i74
1
i133
1
i92
1
i27
1
i218
1
i218
1
i104
1
i50
1
i152
1
i128
1
i98
1
i168
1
i82
1
i5
1
i139
1
i227
1
i117
1
i128
1
i94
1
i166
1
i96
1
i222
1
i107
1
i142
1
i35
1
i1
1
i228
1
i145
1
i108
1
i9
1
i171
1
i44
1
i150
1
i75
1
i185
1
i174
1
i68
1
i52
1
i173
1
i167
1
i38
1
i44
1
i229
1
i127
1
i174
r0
